[2020-01-19T09:37:36.126] [DEBUG] cheese - login => username:zs,password:123456
[2020-01-19T09:37:36.129] [DEBUG] cheese - zs
[2020-01-19T09:37:36.144] [DEBUG] cheese - null
[2020-01-19T09:37:36.144] [DEBUG] cheese - null
[2020-01-19T09:37:45.423] [DEBUG] cheese - login => username:admin,password:123456
[2020-01-19T09:37:45.423] [DEBUG] cheese - admin
[2020-01-19T09:37:45.432] [DEBUG] cheese - null
[2020-01-19T09:37:45.432] [DEBUG] cheese - null
[2020-01-19T14:58:49.600] [DEBUG] cheese - login => username:admin,password:123456
[2020-01-19T14:58:49.602] [DEBUG] cheese - admin
[2020-01-19T14:58:49.617] [DEBUG] cheese - null
[2020-01-19T14:58:49.618] [DEBUG] cheese - null
[2020-01-19T14:59:44.235] [DEBUG] cheese - login => username:admin,password:123456
[2020-01-19T14:59:44.235] [DEBUG] cheese - admin
[2020-01-19T14:59:44.238] [DEBUG] cheese - null
[2020-01-19T14:59:44.239] [DEBUG] cheese - null
[2020-01-19T15:17:42.569] [DEBUG] cheese - login => username:admin,password:123456
[2020-01-19T15:17:42.570] [DEBUG] cheese - admin
[2020-01-19T15:17:42.574] [DEBUG] cheese - null
[2020-01-19T15:17:42.574] [DEBUG] cheese - null
[2020-01-19T15:18:22.727] [DEBUG] cheese - login => username:admin,password:123456
[2020-01-19T15:18:22.727] [DEBUG] cheese - admin
[2020-01-19T15:18:22.729] [DEBUG] cheese - null
[2020-01-19T15:18:22.729] [DEBUG] cheese - null
[2020-01-19T15:18:26.210] [DEBUG] cheese - login => username:admin,password:123456
[2020-01-19T15:18:26.210] [DEBUG] cheese - admin
[2020-01-19T15:18:26.213] [DEBUG] cheese - null
[2020-01-19T15:18:26.213] [DEBUG] cheese - null
[2020-01-19T15:18:28.096] [DEBUG] cheese - login => username:admina,password:123456
[2020-01-19T15:18:28.096] [DEBUG] cheese - admina
[2020-01-19T15:18:28.098] [DEBUG] cheese - null
[2020-01-19T15:18:28.098] [DEBUG] cheese - null
[2020-01-19T15:25:07.169] [DEBUG] cheese - login => username:admin,password:123456
[2020-01-19T15:25:07.170] [DEBUG] cheese - admin
[2020-01-19T15:25:07.172] [DEBUG] cheese - null
[2020-01-19T15:25:07.173] [DEBUG] cheese - null
[2020-01-19T15:26:31.579] [DEBUG] cheese - login => username:admin,password:123456d
[2020-01-19T15:26:31.579] [DEBUG] cheese - admin
[2020-01-19T15:26:31.581] [DEBUG] cheese - null
[2020-01-19T15:26:31.581] [DEBUG] cheese - null
[2020-01-19T15:26:34.835] [DEBUG] cheese - login => username:admin,password:123456d
[2020-01-19T15:26:34.835] [DEBUG] cheese - admin
[2020-01-19T15:26:34.836] [DEBUG] cheese - null
[2020-01-19T15:26:34.837] [DEBUG] cheese - null
[2020-01-19T15:26:35.293] [DEBUG] cheese - login => username:admin,password:123456d
[2020-01-19T15:26:35.293] [DEBUG] cheese - admin
[2020-01-19T15:26:35.296] [DEBUG] cheese - null
[2020-01-19T15:26:35.296] [DEBUG] cheese - null
[2020-01-19T15:26:40.302] [DEBUG] cheese - login => username:admin,password:123456
[2020-01-19T15:26:40.302] [DEBUG] cheese - admin
[2020-01-19T15:26:40.304] [DEBUG] cheese - null
[2020-01-19T15:26:40.304] [DEBUG] cheese - null
[2020-01-19T15:28:41.289] [DEBUG] cheese - login => username:admin,password:123456
[2020-01-19T15:28:41.289] [DEBUG] cheese - admin
[2020-01-19T15:28:41.291] [DEBUG] cheese - null
[2020-01-19T15:28:41.291] [DEBUG] cheese - null
[2020-01-19T15:29:36.110] [DEBUG] cheese - login => username:admin,password:123456
[2020-01-19T15:29:36.110] [DEBUG] cheese - admin
[2020-01-19T15:29:36.113] [DEBUG] cheese - null
[2020-01-19T15:29:36.113] [DEBUG] cheese - null
[2020-01-19T15:30:03.885] [DEBUG] cheese - login => username:admin,password:123456
[2020-01-19T15:30:03.885] [DEBUG] cheese - admin
[2020-01-19T15:30:03.888] [DEBUG] cheese - null
[2020-01-19T15:30:03.888] [DEBUG] cheese - null
[2020-01-19T15:42:40.236] [DEBUG] cheese - login => username:admin,password:123456
[2020-01-19T15:42:40.236] [DEBUG] cheese - admin
[2020-01-19T15:42:40.239] [DEBUG] cheese - null
[2020-01-19T15:42:40.239] [DEBUG] cheese - null
[2020-01-19T16:03:47.994] [DEBUG] cheese - login => username:admin,password:123456
[2020-01-19T16:03:47.994] [DEBUG] cheese - admin
[2020-01-19T16:03:47.997] [DEBUG] cheese - null
[2020-01-19T16:03:47.997] [DEBUG] cheese - null
[2020-01-19T16:10:45.012] [DEBUG] cheese - login => username:admin,password:123456
[2020-01-19T16:10:45.012] [DEBUG] cheese - admin
[2020-01-19T16:10:45.016] [DEBUG] cheese - null
[2020-01-19T16:10:45.016] [DEBUG] cheese - null
[2020-01-19T16:11:53.433] [DEBUG] cheese - login => username:admin,password:123456
[2020-01-19T16:11:53.433] [DEBUG] cheese - admin
[2020-01-19T16:11:53.436] [DEBUG] cheese - null
[2020-01-19T16:11:53.436] [DEBUG] cheese - null
[2020-01-19T16:18:49.514] [DEBUG] cheese - login => username:admin,password:123456
[2020-01-19T16:18:49.514] [DEBUG] cheese - admin
[2020-01-19T16:18:49.516] [DEBUG] cheese - null
[2020-01-19T16:18:49.517] [DEBUG] cheese - null
[2020-01-19T16:28:16.679] [DEBUG] cheese - login => username:admin,password:123456
[2020-01-19T16:28:16.679] [DEBUG] cheese - admin
[2020-01-19T16:28:16.681] [DEBUG] cheese - null
[2020-01-19T16:28:16.681] [DEBUG] cheese - null
[2020-01-19T16:56:02.532] [DEBUG] cheese - login => username:admin,password:123456
[2020-01-19T16:56:02.533] [DEBUG] cheese - admin
[2020-01-19T16:56:02.536] [DEBUG] cheese - null
[2020-01-19T16:56:02.536] [DEBUG] cheese - null
[2020-01-19T17:21:38.815] [DEBUG] cheese - login => username:admin,password:123456
[2020-01-19T17:21:38.815] [DEBUG] cheese - admin
[2020-01-19T17:21:38.817] [DEBUG] cheese - null
[2020-01-19T17:21:38.817] [DEBUG] cheese - null
[2020-01-19T17:23:50.368] [DEBUG] cheese - login => username:admin,password:123456
[2020-01-19T17:23:50.369] [DEBUG] cheese - admin
[2020-01-19T17:23:50.371] [DEBUG] cheese - null
[2020-01-19T17:23:50.371] [DEBUG] cheese - null
[2020-01-19T17:24:24.053] [DEBUG] cheese - login => username:admin,password:123456
[2020-01-19T17:24:24.053] [DEBUG] cheese - admin
[2020-01-19T17:24:24.055] [DEBUG] cheese - null
[2020-01-19T17:24:24.055] [DEBUG] cheese - null
[2020-01-19T17:28:18.312] [DEBUG] cheese - login => username:admin,password:123456
[2020-01-19T17:28:18.312] [DEBUG] cheese - admin
[2020-01-19T17:28:18.315] [DEBUG] cheese - null
[2020-01-19T17:28:18.315] [DEBUG] cheese - null
[2020-01-19T17:44:37.466] [DEBUG] cheese - login => username:admin,password:123456
[2020-01-19T17:44:37.466] [DEBUG] cheese - admin
[2020-01-19T17:44:37.469] [DEBUG] cheese - null
[2020-01-19T17:44:37.469] [DEBUG] cheese - null
[2020-01-19T17:46:20.424] [DEBUG] cheese - login => username:admin,password:123456
[2020-01-19T17:46:20.424] [DEBUG] cheese - admin
[2020-01-19T17:46:20.428] [DEBUG] cheese - null
[2020-01-19T17:46:20.428] [DEBUG] cheese - null
[2020-01-19T21:53:47.644] [DEBUG] cheese - login => username:admin,password:123456
[2020-01-19T21:53:47.644] [DEBUG] cheese - admin
[2020-01-19T21:53:47.647] [DEBUG] cheese - null
[2020-01-19T21:53:47.647] [DEBUG] cheese - null
[2020-01-19T22:21:52.998] [DEBUG] cheese - login => username:admin,password:123456
[2020-01-19T22:21:52.998] [DEBUG] cheese - admin
[2020-01-19T22:21:53.001] [DEBUG] cheese - null
[2020-01-19T22:21:53.001] [DEBUG] cheese - null
[2020-01-19T23:08:34.335] [DEBUG] cheese - login => username:admin,password:123456
[2020-01-19T23:08:34.335] [DEBUG] cheese - admin
[2020-01-19T23:08:34.337] [DEBUG] cheese - null
[2020-01-19T23:08:34.337] [DEBUG] cheese - null
[2020-01-20T16:15:37.043] [DEBUG] cheese - login => username:admin,password:123456
[2020-01-20T16:15:37.045] [DEBUG] cheese - admin
[2020-01-20T16:15:37.055] [DEBUG] cheese - null
[2020-01-20T16:15:37.056] [DEBUG] cheese - null
[2020-01-20T16:40:51.810] [DEBUG] cheese - login => username:admin,password:123456
[2020-01-20T16:40:51.810] [DEBUG] cheese - admin
[2020-01-20T16:40:51.814] [DEBUG] cheese - null
[2020-01-20T16:40:51.814] [DEBUG] cheese - null
[2020-01-20T23:36:37.377] [DEBUG] cheese - login => username:admin,password:123456
[2020-01-20T23:36:37.378] [DEBUG] cheese - admin
[2020-01-20T23:36:37.380] [DEBUG] cheese - null
[2020-01-20T23:36:37.380] [DEBUG] cheese - null
[2020-01-21T15:57:20.945] [DEBUG] cheese - null
[2020-01-21T23:03:47.319] [DEBUG] cheese - login => username:admin,password:123456
[2020-01-21T23:03:47.320] [DEBUG] cheese - admin
[2020-01-21T23:03:47.323] [DEBUG] cheese - null
[2020-01-21T23:03:47.323] [DEBUG] cheese - null
[2020-01-23T20:44:20.582] [DEBUG] cheese - login => username:admin,password:123456
[2020-01-23T20:44:20.585] [DEBUG] cheese - admin
[2020-01-23T20:44:20.604] [DEBUG] cheese - null
[2020-01-23T20:44:20.605] [DEBUG] cheese - null
[2020-01-25T12:07:27.757] [DEBUG] cheese - login => username:admin,password:123456
[2020-01-25T12:07:27.758] [DEBUG] cheese - admin
[2020-01-25T12:07:27.868] [DEBUG] cheese - null
[2020-01-25T12:07:27.868] [DEBUG] cheese - null
[2020-01-25T17:55:09.328] [DEBUG] cheese - login => username:admin,password:123456
[2020-01-25T17:55:09.328] [DEBUG] cheese - admin
[2020-01-25T17:55:09.330] [DEBUG] cheese - null
[2020-01-25T17:55:09.330] [DEBUG] cheese - null
[2020-01-25T17:56:06.587] [DEBUG] cheese - login => username:admi,password:123456
[2020-01-25T17:56:06.588] [DEBUG] cheese - admi
[2020-01-25T17:56:06.589] [DEBUG] cheese - null
[2020-01-25T17:56:06.589] [DEBUG] cheese - null
[2020-01-25T17:56:10.552] [DEBUG] cheese - login => username:admin,password:123456
[2020-01-25T17:56:10.552] [DEBUG] cheese - admin
[2020-01-25T17:56:10.555] [DEBUG] cheese - null
[2020-01-25T17:56:10.555] [DEBUG] cheese - null
[2020-01-25T17:56:25.692] [DEBUG] cheese - login => username:linken,password:123456
[2020-01-25T17:56:25.692] [DEBUG] cheese - linken
[2020-01-25T17:56:25.695] [DEBUG] cheese - null
[2020-01-25T17:56:25.695] [DEBUG] cheese - null
[2020-01-25T17:56:33.086] [DEBUG] cheese - login => username:admin,password:123456
[2020-01-25T17:56:33.086] [DEBUG] cheese - admin
[2020-01-25T17:56:33.089] [DEBUG] cheese - null
[2020-01-25T17:56:33.089] [DEBUG] cheese - null
[2020-01-25T18:01:11.807] [DEBUG] cheese - login => username:auth,password:123456
[2020-01-25T18:01:11.807] [DEBUG] cheese - auth
[2020-01-25T18:01:11.809] [DEBUG] cheese - null
[2020-01-25T18:01:11.809] [DEBUG] cheese - null
[2020-01-25T18:01:21.331] [DEBUG] cheese - login => username:auth,password:123456
[2020-01-25T18:01:21.331] [DEBUG] cheese - auth
[2020-01-25T18:01:21.333] [DEBUG] cheese - null
[2020-01-25T18:01:21.333] [DEBUG] cheese - null
[2020-01-25T18:01:22.594] [DEBUG] cheese - login => username:admin,password:123456
[2020-01-25T18:01:22.594] [DEBUG] cheese - admin
[2020-01-25T18:01:22.596] [DEBUG] cheese - null
[2020-01-25T18:01:22.596] [DEBUG] cheese - null
[2020-01-25T18:01:46.719] [DEBUG] cheese - login => username:auth,password:123456
[2020-01-25T18:01:46.719] [DEBUG] cheese - auth
[2020-01-25T18:01:46.720] [DEBUG] cheese - null
[2020-01-25T18:01:46.720] [DEBUG] cheese - null
[2020-01-25T18:01:49.042] [DEBUG] cheese - null
[2020-01-25T18:01:49.045] [DEBUG] cheese - null
[2020-01-25T18:01:52.237] [DEBUG] cheese - null
[2020-01-25T18:01:52.238] [DEBUG] cheese - null
[2020-01-25T18:01:53.421] [DEBUG] cheese - null
[2020-01-25T18:01:53.424] [DEBUG] cheese - null
[2020-01-25T18:01:59.201] [DEBUG] cheese - login => username:admin,password:123456
[2020-01-25T18:01:59.201] [DEBUG] cheese - admin
[2020-01-25T18:01:59.202] [DEBUG] cheese - null
[2020-01-25T18:01:59.202] [DEBUG] cheese - null
[2020-01-26T13:07:24.764] [DEBUG] cheese - login => username:admin,password:123456
[2020-01-26T13:07:24.764] [DEBUG] cheese - admin
[2020-01-26T13:07:24.767] [DEBUG] cheese - null
[2020-01-26T13:07:24.767] [DEBUG] cheese - null
[2020-01-26T16:04:29.486] [DEBUG] cheese - login => username:admin,password:123456
[2020-01-26T16:04:29.486] [DEBUG] cheese - admin
[2020-01-26T16:04:29.592] [DEBUG] cheese - null
[2020-01-26T16:04:29.592] [DEBUG] cheese - null
[2020-01-26T17:42:27.771] [DEBUG] cheese - login => username:orders,password:123456
[2020-01-26T17:42:27.772] [DEBUG] cheese - orders
[2020-01-26T17:42:27.776] [DEBUG] cheese - null
[2020-01-26T17:42:27.776] [DEBUG] cheese - null
[2020-01-26T17:42:37.026] [DEBUG] cheese - login => username:admin,password:123456
[2020-01-26T17:42:37.026] [DEBUG] cheese - admin
[2020-01-26T17:42:37.031] [DEBUG] cheese - null
[2020-01-26T17:42:37.031] [DEBUG] cheese - null
[2020-01-26T17:42:51.967] [DEBUG] cheese - login => username:good,password:123456
[2020-01-26T17:42:51.967] [DEBUG] cheese - good
[2020-01-26T17:42:51.968] [DEBUG] cheese - null
[2020-01-26T17:42:51.969] [DEBUG] cheese - null
[2020-01-26T17:42:57.198] [DEBUG] cheese - login => username:good,password:123456
[2020-01-26T17:42:57.198] [DEBUG] cheese - good
[2020-01-26T17:42:57.202] [DEBUG] cheese - null
[2020-01-26T17:42:57.202] [DEBUG] cheese - null
[2020-01-26T17:43:03.117] [DEBUG] cheese - login => username:admin,password:123456
[2020-01-26T17:43:03.117] [DEBUG] cheese - admin
[2020-01-26T17:43:03.121] [DEBUG] cheese - null
[2020-01-26T17:43:03.121] [DEBUG] cheese - null
[2020-01-26T17:59:57.263] [DEBUG] cheese - login => username:linken,password:123456
[2020-01-26T17:59:57.263] [DEBUG] cheese - linken
[2020-01-26T17:59:57.266] [DEBUG] cheese - null
[2020-01-26T17:59:57.266] [DEBUG] cheese - null
[2020-01-26T17:59:59.567] [DEBUG] cheese - null
[2020-01-26T17:59:59.571] [DEBUG] cheese - null
[2020-01-26T18:00:00.669] [DEBUG] cheese - null
[2020-01-26T18:00:00.673] [DEBUG] cheese - null
[2020-01-26T18:00:01.722] [DEBUG] cheese - null
[2020-01-26T18:00:01.725] [DEBUG] cheese - null
[2020-01-26T18:00:12.566] [DEBUG] cheese - null
[2020-01-26T18:00:12.571] [DEBUG] cheese - null
[2020-01-26T18:00:13.701] [DEBUG] cheese - null
[2020-01-26T18:00:13.705] [DEBUG] cheese - null
[2020-01-26T18:00:20.653] [DEBUG] cheese - login => username:admin,password:123456
[2020-01-26T18:00:20.653] [DEBUG] cheese - admin
[2020-01-26T18:00:20.657] [DEBUG] cheese - null
[2020-01-26T18:00:20.657] [DEBUG] cheese - null
[2020-01-26T18:01:02.169] [DEBUG] cheese - login => username:admin,password:123456
[2020-01-26T18:01:02.169] [DEBUG] cheese - admin
[2020-01-26T18:01:02.174] [DEBUG] cheese - null
[2020-01-26T18:01:02.174] [DEBUG] cheese - null
[2020-01-26T18:01:11.646] [DEBUG] cheese - login => username:orders,password:123456
[2020-01-26T18:01:11.646] [DEBUG] cheese - orders
[2020-01-26T18:01:11.650] [DEBUG] cheese - null
[2020-01-26T18:01:11.650] [DEBUG] cheese - null
[2020-01-26T18:01:12.416] [DEBUG] cheese - login => username:orders,password:123456
[2020-01-26T18:01:12.416] [DEBUG] cheese - orders
[2020-01-26T18:01:12.421] [DEBUG] cheese - null
[2020-01-26T18:01:12.421] [DEBUG] cheese - null
[2020-01-26T18:01:12.616] [DEBUG] cheese - login => username:orders,password:123456
[2020-01-26T18:01:12.617] [DEBUG] cheese - orders
[2020-01-26T18:01:12.620] [DEBUG] cheese - null
[2020-01-26T18:01:12.621] [DEBUG] cheese - null
[2020-01-26T18:01:15.327] [DEBUG] cheese - login => username:admin,password:123456
[2020-01-26T18:01:15.327] [DEBUG] cheese - admin
[2020-01-26T18:01:15.331] [DEBUG] cheese - null
[2020-01-26T18:01:15.331] [DEBUG] cheese - null
[2020-01-26T22:01:29.107] [DEBUG] cheese - login => username:admin,password:123456
[2020-01-26T22:01:29.107] [DEBUG] cheese - admin
[2020-01-26T22:01:29.113] [DEBUG] cheese - null
[2020-01-26T22:01:29.113] [DEBUG] cheese - null
[2020-01-28T09:54:49.669] [DEBUG] cheese - login => username:admin,password:123456
[2020-01-28T09:54:49.671] [DEBUG] cheese - admin
[2020-01-28T09:54:49.689] [DEBUG] cheese - null
[2020-01-28T09:54:49.690] [DEBUG] cheese - null
[2020-01-28T09:59:40.428] [DEBUG] cheese - login => username:admin,password:123456
[2020-01-28T09:59:40.428] [DEBUG] cheese - admin
[2020-01-28T09:59:40.431] [DEBUG] cheese - null
[2020-01-28T09:59:40.431] [DEBUG] cheese - null
[2020-01-28T12:56:54.555] [DEBUG] cheese - login => username:admin,password:123456
[2020-01-28T12:56:54.555] [DEBUG] cheese - admin
[2020-01-28T12:56:54.558] [DEBUG] cheese - null
[2020-01-28T12:56:54.558] [DEBUG] cheese - null
[2020-01-29T14:09:05.931] [DEBUG] cheese - login => username:admin,password:123456
[2020-01-29T14:09:05.931] [DEBUG] cheese - admin
[2020-01-29T14:09:05.987] [DEBUG] cheese - null
[2020-01-29T14:09:05.987] [DEBUG] cheese - null
[2020-01-30T13:06:03.979] [DEBUG] cheese - login => username:admin,password:123456
[2020-01-30T13:06:03.981] [DEBUG] cheese - admin
[2020-01-30T13:06:03.998] [DEBUG] cheese - null
[2020-01-30T13:06:03.999] [DEBUG] cheese - null
[2020-01-31T15:04:41.057] [DEBUG] cheese - login => username:admin,password:123456
[2020-01-31T15:04:41.059] [DEBUG] cheese - admin
[2020-01-31T15:04:41.091] [DEBUG] cheese - null
[2020-01-31T15:04:41.091] [DEBUG] cheese - null
[2020-01-31T15:16:39.226] [DEBUG] cheese - login => username:admin,password:123456
[2020-01-31T15:16:39.226] [DEBUG] cheese - admin
[2020-01-31T15:16:39.230] [DEBUG] cheese - null
[2020-01-31T15:16:39.230] [DEBUG] cheese - null
[2020-01-31T15:16:57.411] [DEBUG] cheese - login => username:admin,password:123456
[2020-01-31T15:16:57.412] [DEBUG] cheese - admin
[2020-01-31T15:16:57.416] [DEBUG] cheese - null
[2020-01-31T15:16:57.416] [DEBUG] cheese - null
[2020-01-31T16:45:49.514] [DEBUG] cheese - null
[2020-02-01T15:19:52.934] [DEBUG] cheese - login => username:admin,password:123456
[2020-02-01T15:19:52.934] [DEBUG] cheese - admin
[2020-02-01T15:19:52.943] [DEBUG] cheese - null
[2020-02-01T15:19:52.943] [DEBUG] cheese - null
[2020-02-02T10:55:43.884] [DEBUG] cheese - login => username:admin,password:123456
[2020-02-02T10:55:43.884] [DEBUG] cheese - admin
[2020-02-02T10:55:43.887] [DEBUG] cheese - null
[2020-02-02T10:55:43.887] [DEBUG] cheese - null
[2020-02-02T12:23:43.455] [DEBUG] cheese - login => username:admin,password:123456
[2020-02-02T12:23:43.458] [DEBUG] cheese - admin
[2020-02-02T12:23:43.478] [DEBUG] cheese - null
[2020-02-02T12:23:43.478] [DEBUG] cheese - null
[2020-02-02T12:25:57.106] [DEBUG] cheese - login => username:admin,password:123456
[2020-02-02T12:25:57.106] [DEBUG] cheese - admin
[2020-02-02T12:25:57.112] [DEBUG] cheese - null
[2020-02-02T12:25:57.112] [DEBUG] cheese - null
[2020-02-02T12:27:41.624] [DEBUG] cheese - login => username:admin,password:123456
[2020-02-02T12:27:41.624] [DEBUG] cheese - admin
[2020-02-02T12:27:41.630] [DEBUG] cheese - null
[2020-02-02T12:27:41.630] [DEBUG] cheese - null
[2020-02-02T12:28:10.566] [DEBUG] cheese - login => username:admin5,password:123456
[2020-02-02T12:28:10.566] [DEBUG] cheese - admin5
[2020-02-02T12:28:10.570] [DEBUG] cheese - null
[2020-02-02T12:28:10.571] [DEBUG] cheese - null
[2020-02-02T12:28:31.941] [DEBUG] cheese - login => username:admin,password:123456
[2020-02-02T12:28:31.941] [DEBUG] cheese - admin
[2020-02-02T12:28:31.946] [DEBUG] cheese - null
[2020-02-02T12:28:31.946] [DEBUG] cheese - null
[2020-02-02T12:40:46.618] [DEBUG] cheese - login => username:admin,password:123456
[2020-02-02T12:40:46.619] [DEBUG] cheese - admin
[2020-02-02T12:40:46.622] [DEBUG] cheese - null
[2020-02-02T12:40:46.622] [DEBUG] cheese - null
[2020-02-02T12:47:25.040] [DEBUG] cheese - login => username:admin,password:123456
[2020-02-02T12:47:25.040] [DEBUG] cheese - admin
[2020-02-02T12:47:25.043] [DEBUG] cheese - null
[2020-02-02T12:47:25.043] [DEBUG] cheese - null
[2020-02-02T12:59:06.747] [DEBUG] cheese - login => username:admin,password:123456
[2020-02-02T12:59:06.750] [DEBUG] cheese - admin
[2020-02-02T12:59:06.762] [DEBUG] cheese - null
[2020-02-02T12:59:06.762] [DEBUG] cheese - null
[2020-02-02T13:42:31.266] [DEBUG] cheese - login => username:admin,password:123456
[2020-02-02T13:42:31.266] [DEBUG] cheese - admin
[2020-02-02T13:42:31.272] [DEBUG] cheese - null
[2020-02-02T13:42:31.273] [DEBUG] cheese - null
[2020-02-02T13:42:52.236] [DEBUG] cheese - login => username:admin,password:123456
[2020-02-02T13:42:52.237] [DEBUG] cheese - admin
[2020-02-02T13:42:52.241] [DEBUG] cheese - null
[2020-02-02T13:42:52.241] [DEBUG] cheese - null
[2020-02-02T13:43:22.373] [DEBUG] cheese - login => username:admin,password:123456
[2020-02-02T13:43:22.373] [DEBUG] cheese - admin
[2020-02-02T13:43:22.381] [DEBUG] cheese - null
[2020-02-02T13:43:22.382] [DEBUG] cheese - null
[2020-02-02T13:57:57.669] [DEBUG] cheese - login => username:admin,password:123456
[2020-02-02T13:57:57.669] [DEBUG] cheese - admin
[2020-02-02T13:57:57.675] [DEBUG] cheese - null
[2020-02-02T13:57:57.675] [DEBUG] cheese - null
[2020-02-02T14:01:00.834] [DEBUG] cheese - login => username:admin,password:123456
[2020-02-02T14:01:00.836] [DEBUG] cheese - admin
[2020-02-02T14:01:00.875] [DEBUG] cheese - null
[2020-02-02T14:01:00.876] [DEBUG] cheese - null
[2020-02-02T14:28:33.260] [DEBUG] cheese - login => username:admin,password:123456
[2020-02-02T14:28:33.260] [DEBUG] cheese - admin
[2020-02-02T14:28:33.263] [DEBUG] cheese - null
[2020-02-02T14:28:33.263] [DEBUG] cheese - null
[2020-02-02T14:35:49.467] [DEBUG] cheese - login => username:admin,password:123456
[2020-02-02T14:35:49.467] [DEBUG] cheese - admin
[2020-02-02T14:35:49.470] [DEBUG] cheese - null
[2020-02-02T14:35:49.470] [DEBUG] cheese - null
[2020-02-02T15:29:21.354] [DEBUG] cheese - login => username:admin,password:123456
[2020-02-02T15:29:21.354] [DEBUG] cheese - admin
[2020-02-02T15:29:21.363] [DEBUG] cheese - null
[2020-02-02T15:29:21.363] [DEBUG] cheese - null
[2020-02-02T15:34:42.350] [DEBUG] cheese - login => username:admin,password:123456
[2020-02-02T15:34:42.350] [DEBUG] cheese - admin
[2020-02-02T15:34:42.352] [DEBUG] cheese - null
[2020-02-02T15:34:42.353] [DEBUG] cheese - null
[2020-02-02T16:01:32.433] [DEBUG] cheese - login => username:admin,password:123456
[2020-02-02T16:01:32.433] [DEBUG] cheese - admin
[2020-02-02T16:01:32.435] [DEBUG] cheese - null
[2020-02-02T16:01:32.435] [DEBUG] cheese - null
[2020-02-02T16:11:20.413] [DEBUG] cheese - login => username:admin,password:123456
[2020-02-02T16:11:20.413] [DEBUG] cheese - admin
[2020-02-02T16:11:20.414] [DEBUG] cheese - null
[2020-02-02T16:11:20.414] [DEBUG] cheese - null
[2020-02-05T13:54:07.684] [DEBUG] cheese - login => username:admin,password:123456
[2020-02-05T13:54:07.685] [DEBUG] cheese - admin
[2020-02-05T13:54:07.719] [DEBUG] cheese - null
[2020-02-05T13:54:07.719] [DEBUG] cheese - null
[2020-02-14T17:01:46.873] [DEBUG] cheese - login => username:admin,password:123456
[2020-02-14T17:01:46.876] [DEBUG] cheese - admin
[2020-02-14T17:01:46.900] [DEBUG] cheese - null
[2020-02-14T17:01:46.901] [DEBUG] cheese - null
[2020-02-14T17:50:21.591] [DEBUG] cheese - login => username:admin,password:123456
[2020-02-14T17:50:21.594] [DEBUG] cheese - admin
[2020-02-14T17:50:21.604] [DEBUG] cheese - null
[2020-02-14T17:50:21.604] [DEBUG] cheese - null
[2020-02-14T17:51:46.243] [DEBUG] cheese - login => username:report,password:123456
[2020-02-14T17:51:46.244] [DEBUG] cheese - report
[2020-02-14T17:51:46.247] [DEBUG] cheese - null
[2020-02-14T17:51:46.247] [DEBUG] cheese - null
[2020-02-14T17:51:51.927] [DEBUG] cheese - login => username:admin,password:123456
[2020-02-14T17:51:51.928] [DEBUG] cheese - admin
[2020-02-14T17:51:51.930] [DEBUG] cheese - null
[2020-02-14T17:51:51.930] [DEBUG] cheese - null
[2020-02-14T17:53:05.427] [DEBUG] cheese - login => username:author,password:123456
[2020-02-14T17:53:05.427] [DEBUG] cheese - author
[2020-02-14T17:53:05.429] [DEBUG] cheese - null
[2020-02-14T17:53:05.429] [DEBUG] cheese - null
[2020-02-14T17:53:07.947] [DEBUG] cheese - null
[2020-02-14T17:53:07.949] [DEBUG] cheese - null
[2020-02-14T17:53:13.294] [DEBUG] cheese - null
[2020-02-14T17:53:13.296] [DEBUG] cheese - null
[2020-02-14T17:53:14.599] [DEBUG] cheese - null
[2020-02-14T17:53:14.601] [DEBUG] cheese - null
[2020-02-14T17:53:23.043] [DEBUG] cheese - login => username:admin,password:123456
[2020-02-14T17:53:23.043] [DEBUG] cheese - admin
[2020-02-14T17:53:23.045] [DEBUG] cheese - null
[2020-02-14T17:53:23.045] [DEBUG] cheese - null
[2020-02-15T13:35:26.258] [DEBUG] cheese - login => username:admin,password:123456
[2020-02-15T13:35:26.259] [DEBUG] cheese - admin
[2020-02-15T13:35:26.261] [DEBUG] cheese - null
[2020-02-15T13:35:26.261] [DEBUG] cheese - null
[2020-02-16T12:38:14.875] [DEBUG] cheese - login => username:admin,password:123456
[2020-02-16T12:38:14.875] [DEBUG] cheese - admin
[2020-02-16T12:38:14.885] [DEBUG] cheese - null
[2020-02-16T12:38:14.885] [DEBUG] cheese - null
[2020-02-19T12:23:52.880] [DEBUG] cheese - login => username:admin,password:123456
[2020-02-19T12:23:52.880] [DEBUG] cheese - admin
[2020-02-19T12:23:52.886] [DEBUG] cheese - null
[2020-02-19T12:23:52.887] [DEBUG] cheese - null
[2020-02-19T12:26:17.173] [DEBUG] cheese - login => username:admin,password:123456
[2020-02-19T12:26:17.173] [DEBUG] cheese - admin
[2020-02-19T12:26:17.176] [DEBUG] cheese - null
[2020-02-19T12:26:17.176] [DEBUG] cheese - null
[2020-02-19T12:27:14.420] [DEBUG] cheese - login => username:admin,password:123456
[2020-02-19T12:27:14.420] [DEBUG] cheese - admin
[2020-02-19T12:27:14.422] [DEBUG] cheese - null
[2020-02-19T12:27:14.423] [DEBUG] cheese - null
[2020-02-25T03:10:46.626] [DEBUG] cheese - login => username:admin,password:123456
[2020-02-25T03:10:46.629] [DEBUG] cheese - admin
[2020-02-25T03:10:46.663] [DEBUG] cheese - null
[2020-02-25T03:10:46.663] [DEBUG] cheese - null
[2020-02-25T03:12:31.943] [DEBUG] cheese - login => username:goods,password:123456
[2020-02-25T03:12:31.943] [DEBUG] cheese - goods
[2020-02-25T03:12:31.945] [DEBUG] cheese - null
[2020-02-25T03:12:31.945] [DEBUG] cheese - null
[2020-02-25T03:12:34.412] [DEBUG] cheese - login => username:admin,password:123456
[2020-02-25T03:12:34.412] [DEBUG] cheese - admin
[2020-02-25T03:12:34.415] [DEBUG] cheese - null
[2020-02-25T03:12:34.415] [DEBUG] cheese - null
[2020-02-25T03:12:53.832] [DEBUG] cheese - login => username:good,password:123456
[2020-02-25T03:12:53.832] [DEBUG] cheese - good
[2020-02-25T03:12:53.835] [DEBUG] cheese - null
[2020-02-25T03:12:53.835] [DEBUG] cheese - null
[2020-02-25T03:13:04.899] [DEBUG] cheese - login => username:goods,password:123456
[2020-02-25T03:13:04.899] [DEBUG] cheese - goods
[2020-02-25T03:13:04.901] [DEBUG] cheese - null
[2020-02-25T03:13:04.901] [DEBUG] cheese - null
[2020-02-25T03:13:08.296] [DEBUG] cheese - null
[2020-02-25T03:13:08.298] [DEBUG] cheese - null
[2020-02-25T03:13:24.035] [DEBUG] cheese - null
[2020-02-25T03:13:24.038] [DEBUG] cheese - null
[2020-02-25T03:13:28.201] [DEBUG] cheese - null
[2020-02-25T03:13:28.203] [DEBUG] cheese - null
[2020-02-25T03:13:51.407] [DEBUG] cheese - null
[2020-02-25T03:13:51.410] [DEBUG] cheese - null
[2020-02-25T03:13:56.478] [DEBUG] cheese - null
[2020-02-25T03:13:56.480] [DEBUG] cheese - null
[2020-02-25T03:13:59.727] [DEBUG] cheese - null
[2020-02-25T03:13:59.729] [DEBUG] cheese - null
[2020-02-25T03:14:04.221] [DEBUG] cheese - null
[2020-02-25T03:14:04.224] [DEBUG] cheese - null
[2020-02-25T03:14:04.272] [DEBUG] cheese - null
[2020-02-25T03:14:04.273] [DEBUG] cheese - null
[2020-02-25T03:14:12.593] [DEBUG] cheese - login => username:goods,password:123456
[2020-02-25T03:14:12.593] [DEBUG] cheese - goods
[2020-02-25T03:14:12.596] [DEBUG] cheese - null
[2020-02-25T03:14:12.596] [DEBUG] cheese - null
[2020-02-25T03:14:15.186] [DEBUG] cheese - null
[2020-02-25T03:14:15.188] [DEBUG] cheese - null
[2020-02-25T03:14:16.064] [DEBUG] cheese - null
[2020-02-25T03:14:16.065] [DEBUG] cheese - null
[2020-02-25T03:14:17.239] [DEBUG] cheese - null
[2020-02-25T03:14:17.241] [DEBUG] cheese - null
[2020-02-25T03:14:23.251] [DEBUG] cheese - login => username:admin,password:123456
[2020-02-25T03:14:23.251] [DEBUG] cheese - admin
[2020-02-25T03:14:23.253] [DEBUG] cheese - null
[2020-02-25T03:14:23.253] [DEBUG] cheese - null
[2020-02-25T03:16:13.919] [DEBUG] cheese - login => username:goods,password:123456
[2020-02-25T03:16:13.919] [DEBUG] cheese - goods
[2020-02-25T03:16:13.920] [DEBUG] cheese - null
[2020-02-25T03:16:13.921] [DEBUG] cheese - null
[2020-02-25T03:16:17.235] [DEBUG] cheese - null
[2020-02-25T03:16:17.236] [DEBUG] cheese - null
[2020-02-25T03:16:20.234] [DEBUG] cheese - null
[2020-02-25T03:16:20.239] [DEBUG] cheese - null
[2020-02-25T03:16:21.420] [DEBUG] cheese - null
[2020-02-25T03:16:21.427] [DEBUG] cheese - null
[2020-02-25T03:16:28.501] [DEBUG] cheese - login => username:admin,password:123456
[2020-02-25T03:16:28.502] [DEBUG] cheese - admin
[2020-02-25T03:16:28.513] [DEBUG] cheese - null
[2020-02-25T03:16:28.513] [DEBUG] cheese - null
[2020-02-25T03:23:35.712] [DEBUG] cheese - login => username:admin,password:123456
[2020-02-25T03:23:35.712] [DEBUG] cheese - admin
[2020-02-25T03:23:35.715] [DEBUG] cheese - null
[2020-02-25T03:23:35.715] [DEBUG] cheese - null
[2020-02-25T03:25:38.822] [DEBUG] cheese - null
[2020-02-25T03:26:05.449] [DEBUG] cheese - login => username:linken,password:123456
[2020-02-25T03:26:05.450] [DEBUG] cheese - linken
[2020-02-25T03:26:05.451] [DEBUG] cheese - null
[2020-02-25T03:26:05.451] [DEBUG] cheese - null
[2020-02-25T03:26:07.914] [DEBUG] cheese - null
[2020-02-25T03:26:12.458] [DEBUG] cheese - null
[2020-02-25T03:26:18.375] [DEBUG] cheese - null
[2020-02-25T03:26:18.377] [DEBUG] cheese - null
[2020-02-25T03:26:21.334] [DEBUG] cheese - null
[2020-02-25T03:26:21.335] [DEBUG] cheese - null
[2020-02-25T03:26:22.151] [DEBUG] cheese - null
[2020-02-25T03:26:22.153] [DEBUG] cheese - null
[2020-02-25T03:26:22.799] [DEBUG] cheese - null
[2020-02-25T03:26:22.801] [DEBUG] cheese - null
[2020-02-25T03:26:25.970] [DEBUG] cheese - login => username:admin,password:123456
[2020-02-25T03:26:25.970] [DEBUG] cheese - admin
[2020-02-25T03:26:25.972] [DEBUG] cheese - null
[2020-02-25T03:26:25.972] [DEBUG] cheese - null
[2020-02-25T03:44:58.658] [DEBUG] cheese - login => username:admin,password:123456
[2020-02-25T03:44:58.658] [DEBUG] cheese - admin
[2020-02-25T03:44:58.660] [DEBUG] cheese - null
[2020-02-25T03:44:58.660] [DEBUG] cheese - null
[2020-02-25T09:35:09.360] [DEBUG] cheese - login => username:admin,password:123456
[2020-02-25T09:35:09.360] [DEBUG] cheese - admin
[2020-02-25T09:35:09.361] [DEBUG] cheese - null
[2020-02-25T09:35:09.361] [DEBUG] cheese - null
[2020-02-25T09:35:20.332] [DEBUG] cheese - login => username:goods,password:123456
[2020-02-25T09:35:20.333] [DEBUG] cheese - goods
[2020-02-25T09:35:20.335] [DEBUG] cheese - null
[2020-02-25T09:35:20.335] [DEBUG] cheese - null
[2020-02-25T09:35:22.817] [DEBUG] cheese - null
[2020-02-25T09:35:22.819] [DEBUG] cheese - null
[2020-02-25T09:35:23.402] [DEBUG] cheese - null
[2020-02-25T09:35:23.404] [DEBUG] cheese - null
[2020-02-25T09:35:31.430] [DEBUG] cheese - login => username:author,password:123456
[2020-02-25T09:35:31.430] [DEBUG] cheese - author
[2020-02-25T09:35:31.432] [DEBUG] cheese - null
[2020-02-25T09:35:31.432] [DEBUG] cheese - null
[2020-02-25T09:35:33.625] [DEBUG] cheese - null
[2020-02-25T09:35:33.626] [DEBUG] cheese - null
[2020-02-25T09:35:34.109] [DEBUG] cheese - null
[2020-02-25T09:35:34.110] [DEBUG] cheese - null
[2020-02-25T09:36:07.230] [DEBUG] cheese - login => username:admin,password:123456
[2020-02-25T09:36:07.230] [DEBUG] cheese - admin
[2020-02-25T09:36:07.233] [DEBUG] cheese - null
[2020-02-25T09:36:07.233] [DEBUG] cheese - null
[2020-02-25T09:36:57.448] [DEBUG] cheese - login => username:test,password:123456
[2020-02-25T09:36:57.448] [DEBUG] cheese - test
[2020-02-25T09:36:57.450] [DEBUG] cheese - null
[2020-02-25T09:36:57.451] [DEBUG] cheese - null
[2020-02-25T09:36:59.390] [DEBUG] cheese - login => username:admin,password:123456
[2020-02-25T09:36:59.390] [DEBUG] cheese - admin
[2020-02-25T09:36:59.392] [DEBUG] cheese - null
[2020-02-25T09:36:59.392] [DEBUG] cheese - null
[2020-02-25T09:37:20.461] [DEBUG] cheese - login => username:test,password:123456
[2020-02-25T09:37:20.461] [DEBUG] cheese - test
[2020-02-25T09:37:20.463] [DEBUG] cheese - null
[2020-02-25T09:37:20.463] [DEBUG] cheese - null
[2020-02-25T09:37:22.733] [DEBUG] cheese - null
[2020-02-25T09:37:22.734] [DEBUG] cheese - null
[2020-02-25T09:37:26.423] [DEBUG] cheese - login => username:admin,password:123456
[2020-02-25T09:37:26.424] [DEBUG] cheese - admin
[2020-02-25T09:37:26.425] [DEBUG] cheese - null
[2020-02-25T09:37:26.425] [DEBUG] cheese - null
[2020-02-25T09:37:34.639] [DEBUG] cheese - null
[2020-02-25T09:37:38.764] [DEBUG] cheese - null
[2020-02-25T09:37:44.419] [DEBUG] cheese - login => username:test,password:123456
[2020-02-25T09:37:44.419] [DEBUG] cheese - test
[2020-02-25T09:37:44.422] [DEBUG] cheese - null
[2020-02-25T09:37:44.422] [DEBUG] cheese - null
[2020-02-25T09:52:10.526] [DEBUG] cheese - null
[2020-02-25T09:52:10.528] [DEBUG] cheese - null
[2020-02-25T09:52:11.905] [DEBUG] cheese - null
[2020-02-25T09:52:11.906] [DEBUG] cheese - null
[2020-02-25T09:52:13.187] [DEBUG] cheese - null
[2020-02-25T09:52:13.189] [DEBUG] cheese - null
[2020-02-25T09:52:15.056] [DEBUG] cheese - null
[2020-02-25T09:52:15.057] [DEBUG] cheese - null
[2020-02-25T09:52:25.023] [DEBUG] cheese - null
[2020-02-25T09:52:25.024] [DEBUG] cheese - null
[2020-02-25T09:52:26.311] [DEBUG] cheese - null
[2020-02-25T09:52:26.312] [DEBUG] cheese - null
[2020-03-08T23:33:06.424] [DEBUG] cheese - login => username:admin,password:123456
[2020-03-08T23:33:06.428] [DEBUG] cheese - admin
[2020-03-08T23:33:06.483] [DEBUG] cheese - null
[2020-03-08T23:33:06.484] [DEBUG] cheese - null
[2020-03-08T23:33:18.033] [DEBUG] cheese - login => username:admin,password:123456
[2020-03-08T23:33:18.033] [DEBUG] cheese - admin
[2020-03-08T23:33:18.039] [DEBUG] cheese - null
[2020-03-08T23:33:18.039] [DEBUG] cheese - null
[2022-08-20T16:32:12.338] [DEBUG] cheese - login => username:admin,password:123456
[2022-08-20T16:32:12.344] [DEBUG] cheese - admin
[2022-08-20T16:32:12.353] [DEBUG] cheese - null
[2022-08-20T16:32:12.353] [DEBUG] cheese - null
[2022-08-23T14:44:09.875] [DEBUG] cheese - login => username:admin,password:123456
[2022-08-23T14:44:09.891] [DEBUG] cheese - admin
[2022-08-23T14:44:09.909] [DEBUG] cheese - null
[2022-08-23T14:44:09.909] [DEBUG] cheese - null
[2022-08-23T14:44:28.041] [DEBUG] cheese - login => username:admin,password:123456
[2022-08-23T14:44:28.042] [DEBUG] cheese - admin
[2022-08-23T14:44:28.043] [DEBUG] cheese - null
[2022-08-23T14:44:28.044] [DEBUG] cheese - null
[2022-08-23T14:44:47.570] [DEBUG] cheese - login => username:admin,password:123456
[2022-08-23T14:44:47.570] [DEBUG] cheese - admin
[2022-08-23T14:44:47.572] [DEBUG] cheese - null
[2022-08-23T14:44:47.572] [DEBUG] cheese - null
[2022-08-23T14:45:18.718] [DEBUG] cheese - login => username:admin,password:123456
[2022-08-23T14:45:18.718] [DEBUG] cheese - admin
[2022-08-23T14:45:18.720] [DEBUG] cheese - null
[2022-08-23T14:45:18.720] [DEBUG] cheese - null
[2022-08-23T15:25:31.427] [DEBUG] cheese - login => username:123,password:21421412
[2022-08-23T15:25:31.428] [DEBUG] cheese - 123
[2022-08-23T15:25:31.434] [DEBUG] cheese - null
[2022-08-23T15:25:31.434] [DEBUG] cheese - null
[2022-08-23T15:25:35.529] [DEBUG] cheese - login => username:123,password:21421412
[2022-08-23T15:25:35.529] [DEBUG] cheese - 123
[2022-08-23T15:25:35.531] [DEBUG] cheese - null
[2022-08-23T15:25:35.531] [DEBUG] cheese - null
[2022-08-23T15:25:47.085] [DEBUG] cheese - login => username:admin,password:123456
[2022-08-23T15:25:47.085] [DEBUG] cheese - admin
[2022-08-23T15:25:47.087] [DEBUG] cheese - null
[2022-08-23T15:25:47.087] [DEBUG] cheese - null
[2022-08-23T15:28:19.040] [DEBUG] cheese - login => username:admin,password:123456
[2022-08-23T15:28:19.040] [DEBUG] cheese - admin
[2022-08-23T15:28:19.042] [DEBUG] cheese - null
[2022-08-23T15:28:19.042] [DEBUG] cheese - null
[2022-08-23T15:41:15.815] [DEBUG] cheese - login => username:佛挡杀佛,password:sdfdfd
[2022-08-23T15:41:15.815] [DEBUG] cheese - 佛挡杀佛
[2022-08-23T15:41:15.819] [DEBUG] cheese - null
[2022-08-23T15:41:15.819] [DEBUG] cheese - null
[2022-08-23T15:41:21.511] [DEBUG] cheese - login => username:佛挡杀佛,password:sdfdfd
[2022-08-23T15:41:21.511] [DEBUG] cheese - 佛挡杀佛
[2022-08-23T15:41:21.513] [DEBUG] cheese - null
[2022-08-23T15:41:21.513] [DEBUG] cheese - null
[2022-08-23T15:41:34.682] [DEBUG] cheese - login => username:admin,password:123456
[2022-08-23T15:41:34.682] [DEBUG] cheese - admin
[2022-08-23T15:41:34.684] [DEBUG] cheese - null
[2022-08-23T15:41:34.684] [DEBUG] cheese - null
[2022-08-23T15:43:08.358] [DEBUG] cheese - login => username:admin,password:123456
[2022-08-23T15:43:08.359] [DEBUG] cheese - admin
[2022-08-23T15:43:08.360] [DEBUG] cheese - null
[2022-08-23T15:43:08.360] [DEBUG] cheese - null
[2022-08-23T15:43:16.193] [DEBUG] cheese - login => username:admin,password:123456
[2022-08-23T15:43:16.193] [DEBUG] cheese - admin
[2022-08-23T15:43:16.195] [DEBUG] cheese - null
[2022-08-23T15:43:16.195] [DEBUG] cheese - null
[2022-08-23T15:43:24.791] [DEBUG] cheese - login => username:admin,password:123456
[2022-08-23T15:43:24.791] [DEBUG] cheese - admin
[2022-08-23T15:43:24.793] [DEBUG] cheese - null
[2022-08-23T15:43:24.793] [DEBUG] cheese - null
[2022-08-23T15:45:15.676] [DEBUG] cheese - login => username:admin,password:123456
[2022-08-23T15:45:15.676] [DEBUG] cheese - admin
[2022-08-23T15:45:15.678] [DEBUG] cheese - null
[2022-08-23T15:45:15.678] [DEBUG] cheese - null
[2022-08-23T15:45:23.265] [DEBUG] cheese - login => username:是范德萨发生的,password:fdfdff
[2022-08-23T15:45:23.265] [DEBUG] cheese - 是范德萨发生的
[2022-08-23T15:45:23.266] [DEBUG] cheese - null
[2022-08-23T15:45:23.266] [DEBUG] cheese - null
[2022-08-23T15:45:58.050] [DEBUG] cheese - login => username:admin,password:123456
[2022-08-23T15:45:58.050] [DEBUG] cheese - admin
[2022-08-23T15:45:58.052] [DEBUG] cheese - null
[2022-08-23T15:45:58.052] [DEBUG] cheese - null
[2022-08-23T15:47:42.131] [DEBUG] cheese - login => username:admin,password:123456
[2022-08-23T15:47:42.131] [DEBUG] cheese - admin
[2022-08-23T15:47:42.133] [DEBUG] cheese - null
[2022-08-23T15:47:42.133] [DEBUG] cheese - null
[2022-08-23T15:48:13.325] [DEBUG] cheese - login => username:admin,password:123456
[2022-08-23T15:48:13.325] [DEBUG] cheese - admin
[2022-08-23T15:48:13.326] [DEBUG] cheese - null
[2022-08-23T15:48:13.326] [DEBUG] cheese - null
[2022-08-23T15:49:22.154] [DEBUG] cheese - login => username:admin,password:123456
[2022-08-23T15:49:22.155] [DEBUG] cheese - admin
[2022-08-23T15:49:22.156] [DEBUG] cheese - null
[2022-08-23T15:49:22.156] [DEBUG] cheese - null
[2022-08-23T15:49:26.023] [DEBUG] cheese - login => username:admin,password:123456fd
[2022-08-23T15:49:26.023] [DEBUG] cheese - admin
[2022-08-23T15:49:26.024] [DEBUG] cheese - null
[2022-08-23T15:49:26.024] [DEBUG] cheese - null
[2022-08-23T16:17:56.867] [DEBUG] cheese - login => username:admin,password:123456
[2022-08-23T16:17:56.867] [DEBUG] cheese - admin
[2022-08-23T16:17:56.869] [DEBUG] cheese - null
[2022-08-23T16:17:56.869] [DEBUG] cheese - null
[2022-08-23T16:18:25.587] [DEBUG] cheese - login => username:admin,password:123456
[2022-08-23T16:18:25.587] [DEBUG] cheese - admin
[2022-08-23T16:18:25.589] [DEBUG] cheese - null
[2022-08-23T16:18:25.589] [DEBUG] cheese - null
[2022-08-23T16:27:08.434] [DEBUG] cheese - login => username:admin,password:123456
[2022-08-23T16:27:08.434] [DEBUG] cheese - admin
[2022-08-23T16:27:08.437] [DEBUG] cheese - null
[2022-08-23T16:27:08.437] [DEBUG] cheese - null
[2022-08-23T16:27:59.936] [DEBUG] cheese - login => username:admin,password:123456
[2022-08-23T16:27:59.936] [DEBUG] cheese - admin
[2022-08-23T16:27:59.937] [DEBUG] cheese - null
[2022-08-23T16:27:59.937] [DEBUG] cheese - null
[2022-08-23T16:28:45.038] [DEBUG] cheese - login => username:admin,password:123456
[2022-08-23T16:28:45.038] [DEBUG] cheese - admin
[2022-08-23T16:28:45.040] [DEBUG] cheese - null
[2022-08-23T16:28:45.040] [DEBUG] cheese - null
[2022-08-23T16:31:11.926] [DEBUG] cheese - login => username:admin,password:123456
[2022-08-23T16:31:11.926] [DEBUG] cheese - admin
[2022-08-23T16:31:11.927] [DEBUG] cheese - null
[2022-08-23T16:31:11.928] [DEBUG] cheese - null
[2022-08-23T16:58:13.149] [DEBUG] cheese - login => username:admin,password:123456
[2022-08-23T16:58:13.149] [DEBUG] cheese - admin
[2022-08-23T16:58:13.151] [DEBUG] cheese - null
[2022-08-23T16:58:13.151] [DEBUG] cheese - null
[2022-08-23T17:01:50.123] [DEBUG] cheese - login => username:admin,password:123456
[2022-08-23T17:01:50.123] [DEBUG] cheese - admin
[2022-08-23T17:01:50.124] [DEBUG] cheese - null
[2022-08-23T17:01:50.124] [DEBUG] cheese - null
[2022-08-24T08:25:28.909] [DEBUG] cheese - login => username:admin,password:123456
[2022-08-24T08:25:28.910] [DEBUG] cheese - admin
[2022-08-24T08:25:28.963] [DEBUG] cheese - null
[2022-08-24T08:25:28.964] [DEBUG] cheese - null
[2022-08-24T09:17:54.857] [DEBUG] cheese - login => username:admin,password:123456
[2022-08-24T09:17:54.857] [DEBUG] cheese - admin
[2022-08-24T09:17:54.871] [DEBUG] cheese - null
[2022-08-24T09:17:54.871] [DEBUG] cheese - null
[2022-08-24T10:07:56.026] [DEBUG] cheese - login => username:admin,password:123456
[2022-08-24T10:07:56.026] [DEBUG] cheese - admin
[2022-08-24T10:07:56.030] [DEBUG] cheese - null
[2022-08-24T10:07:56.030] [DEBUG] cheese - null
[2022-08-24T10:32:21.635] [DEBUG] cheese - login => username:admin,password:123456
[2022-08-24T10:32:21.635] [DEBUG] cheese - admin
[2022-08-24T10:32:21.637] [DEBUG] cheese - null
[2022-08-24T10:32:21.637] [DEBUG] cheese - null
[2022-08-24T10:44:03.234] [DEBUG] cheese - login => username:admin,password:123456
[2022-08-24T10:44:03.234] [DEBUG] cheese - admin
[2022-08-24T10:44:03.236] [DEBUG] cheese - null
[2022-08-24T10:44:03.236] [DEBUG] cheese - null
[2022-08-24T14:21:48.263] [DEBUG] cheese - login => username:admin,password:123456
[2022-08-24T14:21:48.263] [DEBUG] cheese - admin
[2022-08-24T14:21:48.269] [DEBUG] cheese - null
[2022-08-24T14:21:48.269] [DEBUG] cheese - null
[2022-08-24T14:31:37.112] [DEBUG] cheese - login => username:admin,password:123456
[2022-08-24T14:31:37.112] [DEBUG] cheese - admin
[2022-08-24T14:31:37.114] [DEBUG] cheese - null
[2022-08-24T14:31:37.114] [DEBUG] cheese - null
[2022-08-24T14:32:25.386] [DEBUG] cheese - login => username:admin,password:123456
[2022-08-24T14:32:25.386] [DEBUG] cheese - admin
[2022-08-24T14:32:25.388] [DEBUG] cheese - null
[2022-08-24T14:32:25.388] [DEBUG] cheese - null
[2022-08-24T14:53:42.215] [DEBUG] cheese - login => username:admin,password:123456
[2022-08-24T14:53:42.215] [DEBUG] cheese - admin
[2022-08-24T14:53:42.218] [DEBUG] cheese - null
[2022-08-24T14:53:42.218] [DEBUG] cheese - null
[2022-08-24T15:01:32.684] [DEBUG] cheese - login => username:admin,password:123456
[2022-08-24T15:01:32.684] [DEBUG] cheese - admin
[2022-08-24T15:01:32.688] [DEBUG] cheese - null
[2022-08-24T15:01:32.688] [DEBUG] cheese - null
[2022-08-24T15:37:54.552] [DEBUG] cheese - login => username:admin,password:123456
[2022-08-24T15:37:54.553] [DEBUG] cheese - admin
[2022-08-24T15:37:54.557] [DEBUG] cheese - null
[2022-08-24T15:37:54.557] [DEBUG] cheese - null
[2022-08-24T16:05:27.487] [DEBUG] cheese - login => username:admin,password:123456
[2022-08-24T16:05:27.487] [DEBUG] cheese - admin
[2022-08-24T16:05:27.490] [DEBUG] cheese - null
[2022-08-24T16:05:27.490] [DEBUG] cheese - null
[2022-08-24T16:08:48.621] [DEBUG] cheese - login => username:admin,password:123456
[2022-08-24T16:08:48.621] [DEBUG] cheese - admin
[2022-08-24T16:08:48.623] [DEBUG] cheese - null
[2022-08-24T16:08:48.623] [DEBUG] cheese - null
[2022-08-24T16:22:08.134] [DEBUG] cheese - login => username:admin,password:123456
[2022-08-24T16:22:08.135] [DEBUG] cheese - admin
[2022-08-24T16:22:08.150] [DEBUG] cheese - null
[2022-08-24T16:22:08.151] [DEBUG] cheese - null
[2022-08-24T16:28:47.323] [DEBUG] cheese - login => username:admin,password:123456
[2022-08-24T16:28:47.324] [DEBUG] cheese - admin
[2022-08-24T16:28:47.327] [DEBUG] cheese - null
[2022-08-24T16:28:47.327] [DEBUG] cheese - null
[2022-08-24T16:51:43.883] [DEBUG] cheese - login => username:admin,password:123456
[2022-08-24T16:51:43.883] [DEBUG] cheese - admin
[2022-08-24T16:51:43.885] [DEBUG] cheese - null
[2022-08-24T16:51:43.885] [DEBUG] cheese - null
[2022-08-24T16:53:51.769] [DEBUG] cheese - login => username:admin,password:123456
[2022-08-24T16:53:51.769] [DEBUG] cheese - admin
[2022-08-24T16:53:51.772] [DEBUG] cheese - null
[2022-08-24T16:53:51.772] [DEBUG] cheese - null
[2022-08-24T16:54:08.966] [DEBUG] cheese - login => username:admin,password:123456
[2022-08-24T16:54:08.967] [DEBUG] cheese - admin
[2022-08-24T16:54:08.968] [DEBUG] cheese - null
[2022-08-24T16:54:08.969] [DEBUG] cheese - null
[2022-08-24T16:56:13.012] [DEBUG] cheese - login => username:admin,password:123456
[2022-08-24T16:56:13.012] [DEBUG] cheese - admin
[2022-08-24T16:56:13.014] [DEBUG] cheese - null
[2022-08-24T16:56:13.014] [DEBUG] cheese - null
[2022-08-24T17:42:28.022] [DEBUG] cheese - login => username:admin,password:123456
[2022-08-24T17:42:28.022] [DEBUG] cheese - admin
[2022-08-24T17:43:26.525] [DEBUG] cheese - login => username:admin,password:123456
[2022-08-24T17:43:26.525] [DEBUG] cheese - admin
[2022-08-24T17:43:26.528] [DEBUG] cheese - login => username:admin,password:123456
[2022-08-24T17:43:26.528] [DEBUG] cheese - admin
[2022-08-24T17:43:26.531] [DEBUG] cheese - login => username:admin,password:123456
[2022-08-24T17:43:26.531] [DEBUG] cheese - admin
[2022-08-24T17:43:26.533] [DEBUG] cheese - login => username:admin,password:123456
[2022-08-24T17:43:26.533] [DEBUG] cheese - admin
[2022-08-24T17:43:26.541] [DEBUG] cheese - null
[2022-08-24T17:43:26.541] [DEBUG] cheese - null
[2022-08-24T17:43:26.643] [DEBUG] cheese - login => username:admin,password:123456
[2022-08-24T17:43:26.643] [DEBUG] cheese - admin
[2022-08-24T17:43:32.468] [DEBUG] cheese - login => username:admin,password:123456
[2022-08-24T17:43:32.469] [DEBUG] cheese - admin
[2022-08-24T17:43:32.476] [DEBUG] cheese - null
[2022-08-24T17:43:32.477] [DEBUG] cheese - null
[2022-08-24T20:38:11.361] [DEBUG] cheese - login => username:admin,password:123456
[2022-08-24T20:38:11.361] [DEBUG] cheese - admin
[2022-08-24T20:38:11.365] [DEBUG] cheese - null
[2022-08-24T20:38:11.365] [DEBUG] cheese - null
[2022-08-24T20:38:14.813] [DEBUG] cheese - login => username:admin,password:123456
[2022-08-24T20:38:14.813] [DEBUG] cheese - admin
[2022-08-24T20:38:14.817] [DEBUG] cheese - null
[2022-08-24T20:38:14.817] [DEBUG] cheese - null
[2022-08-24T21:29:25.671] [DEBUG] cheese - login => username:admin,password:123456
[2022-08-24T21:29:25.672] [DEBUG] cheese - admin
[2022-08-24T21:29:25.678] [DEBUG] cheese - null
[2022-08-24T21:29:25.679] [DEBUG] cheese - null
[2022-08-24T21:56:51.666] [DEBUG] cheese - login => username:admin,password:123456
[2022-08-24T21:56:51.667] [DEBUG] cheese - admin
[2022-08-24T21:56:51.669] [DEBUG] cheese - null
[2022-08-24T21:56:51.669] [DEBUG] cheese - null
[2022-08-25T09:06:04.737] [DEBUG] cheese - login => username:admin,password:123456
[2022-08-25T09:06:04.738] [DEBUG] cheese - admin
[2022-08-25T09:06:04.833] [DEBUG] cheese - null
[2022-08-25T09:06:04.834] [DEBUG] cheese - null
[2022-08-25T09:40:41.571] [DEBUG] cheese - login => username:admin,password:123456
[2022-08-25T09:40:41.571] [DEBUG] cheese - admin
[2022-08-25T09:40:41.574] [DEBUG] cheese - null
[2022-08-25T09:40:41.574] [DEBUG] cheese - null
[2022-08-25T16:29:22.486] [DEBUG] cheese - login => username:admin,password:123456
[2022-08-25T16:29:22.487] [DEBUG] cheese - admin
[2022-08-25T16:29:22.491] [DEBUG] cheese - null
[2022-08-25T16:29:22.491] [DEBUG] cheese - null
[2022-08-25T16:36:23.614] [DEBUG] cheese - login => username:admin,password:123456
[2022-08-25T16:36:23.615] [DEBUG] cheese - admin
[2022-08-25T16:36:23.617] [DEBUG] cheese - null
[2022-08-25T16:36:23.617] [DEBUG] cheese - null
[2022-08-25T16:44:36.886] [DEBUG] cheese - login => username:admin,password:123456
[2022-08-25T16:44:36.886] [DEBUG] cheese - admin
[2022-08-25T16:44:36.889] [DEBUG] cheese - null
[2022-08-25T16:44:36.889] [DEBUG] cheese - null
[2022-08-25T16:44:57.646] [DEBUG] cheese - login => username:admin,password:123456
[2022-08-25T16:44:57.646] [DEBUG] cheese - admin
[2022-08-25T16:44:57.647] [DEBUG] cheese - null
[2022-08-25T16:44:57.647] [DEBUG] cheese - null
[2022-08-25T17:13:18.176] [DEBUG] cheese - login => username:admin,password:123456
[2022-08-25T17:13:18.176] [DEBUG] cheese - admin
[2022-08-25T17:13:18.178] [DEBUG] cheese - null
[2022-08-25T17:13:18.178] [DEBUG] cheese - null
[2022-08-25T20:45:21.241] [DEBUG] cheese - login => username:admin,password:123456
[2022-08-25T20:45:21.241] [DEBUG] cheese - admin
[2022-08-25T20:45:21.245] [DEBUG] cheese - null
[2022-08-25T20:45:21.246] [DEBUG] cheese - null
[2022-08-25T20:50:39.048] [DEBUG] cheese - login => username:admin,password:123456
[2022-08-25T20:50:39.049] [DEBUG] cheese - admin
[2022-08-25T20:50:39.050] [DEBUG] cheese - null
[2022-08-25T20:50:39.050] [DEBUG] cheese - null
[2022-08-25T20:51:43.322] [DEBUG] cheese - login => username:admin,password:123456
[2022-08-25T20:51:43.322] [DEBUG] cheese - admin
[2022-08-25T20:51:43.324] [DEBUG] cheese - null
[2022-08-25T20:51:43.324] [DEBUG] cheese - null
[2022-08-25T20:56:11.505] [DEBUG] cheese - login => username:admin,password:123456
[2022-08-25T20:56:11.505] [DEBUG] cheese - admin
[2022-08-25T20:56:11.507] [DEBUG] cheese - null
[2022-08-25T20:56:11.507] [DEBUG] cheese - null
[2022-08-25T20:56:37.151] [DEBUG] cheese - login => username:admin,password:123456
[2022-08-25T20:56:37.151] [DEBUG] cheese - admin
[2022-08-25T20:56:37.153] [DEBUG] cheese - null
[2022-08-25T20:56:37.153] [DEBUG] cheese - null
[2022-08-26T14:39:09.357] [DEBUG] cheese - login => username:admin,password:123456
[2022-08-26T14:39:09.383] [DEBUG] cheese - admin
[2022-08-26T14:39:09.464] [DEBUG] cheese - null
[2022-08-26T14:39:09.464] [DEBUG] cheese - null
[2022-08-26T14:40:38.976] [DEBUG] cheese - login => username:admin,password:123456
[2022-08-26T14:40:38.976] [DEBUG] cheese - admin
[2022-08-26T14:40:38.978] [DEBUG] cheese - null
[2022-08-26T14:40:38.978] [DEBUG] cheese - null
[2022-08-26T14:50:12.611] [DEBUG] cheese - login => username:admin,password:123456
[2022-08-26T14:50:12.611] [DEBUG] cheese - admin
[2022-08-26T14:50:12.614] [DEBUG] cheese - null
[2022-08-26T14:50:12.614] [DEBUG] cheese - null
[2022-08-26T15:05:26.477] [DEBUG] cheese - login => username:admin,password:123456
[2022-08-26T15:05:26.477] [DEBUG] cheese - admin
[2022-08-26T15:05:26.479] [DEBUG] cheese - null
[2022-08-26T15:05:26.479] [DEBUG] cheese - null
[2022-08-27T09:46:35.906] [DEBUG] cheese - login => username:admin,password:123456
[2022-08-27T09:46:35.907] [DEBUG] cheese - admin
[2022-08-27T09:46:35.986] [DEBUG] cheese - null
[2022-08-27T09:46:35.986] [DEBUG] cheese - null
[2022-08-27T15:05:19.544] [DEBUG] cheese - login => username:admin,password:123456
[2022-08-27T15:05:19.545] [DEBUG] cheese - admin
[2022-08-27T15:05:19.548] [DEBUG] cheese - null
[2022-08-27T15:05:19.548] [DEBUG] cheese - null
[2022-08-27T15:05:22.660] [DEBUG] cheese - login => username:admin,password:123456
[2022-08-27T15:05:22.660] [DEBUG] cheese - admin
[2022-08-27T15:05:22.662] [DEBUG] cheese - null
[2022-08-27T15:05:22.662] [DEBUG] cheese - null
[2022-08-27T16:28:00.815] [DEBUG] cheese - login => username:admin,password:123456
[2022-08-27T16:28:00.815] [DEBUG] cheese - admin
[2022-08-27T16:28:00.817] [DEBUG] cheese - null
[2022-08-27T16:28:00.817] [DEBUG] cheese - null
[2022-08-27T19:28:38.873] [DEBUG] cheese - login => username:admin,password:123456
[2022-08-27T19:28:38.888] [DEBUG] cheese - admin
[2022-08-27T19:28:38.896] [DEBUG] cheese - null
[2022-08-27T19:28:38.896] [DEBUG] cheese - null
[2022-08-27T19:30:10.756] [DEBUG] cheese - login => username:admin,password:123456
[2022-08-27T19:30:10.756] [DEBUG] cheese - admin
[2022-08-27T19:30:10.758] [DEBUG] cheese - null
[2022-08-27T19:30:10.758] [DEBUG] cheese - null
[2022-08-27T20:56:19.958] [DEBUG] cheese - login => username:admin,password:123456
[2022-08-27T20:56:19.958] [DEBUG] cheese - admin
[2022-08-27T20:56:19.960] [DEBUG] cheese - null
[2022-08-27T20:56:19.960] [DEBUG] cheese - null
[2022-08-27T20:57:25.540] [DEBUG] cheese - login => username:admin,password:123456
[2022-08-27T20:57:25.540] [DEBUG] cheese - admin
[2022-08-27T20:57:25.542] [DEBUG] cheese - null
[2022-08-27T20:57:25.542] [DEBUG] cheese - null
[2022-08-28T11:54:09.197] [DEBUG] cheese - login => username:admin,password:123456
[2022-08-28T11:54:09.417] [DEBUG] cheese - admin
[2022-08-28T11:54:09.991] [DEBUG] cheese - null
[2022-08-28T11:54:09.991] [DEBUG] cheese - null
[2022-08-28T15:06:10.105] [DEBUG] cheese - login => username:admin,password:123456
[2022-08-28T15:06:10.105] [DEBUG] cheese - admin
[2022-08-28T15:06:10.117] [DEBUG] cheese - null
[2022-08-28T15:06:10.117] [DEBUG] cheese - null
[2022-08-29T11:05:50.341] [DEBUG] cheese - login => username:admin,password:123456
[2022-08-29T11:05:50.358] [DEBUG] cheese - admin
[2022-08-29T11:05:50.439] [DEBUG] cheese - null
[2022-08-29T11:05:50.439] [DEBUG] cheese - null
[2022-08-30T11:10:09.296] [DEBUG] cheese - login => username:admin,password:123456
[2022-08-30T11:10:09.297] [DEBUG] cheese - admin
[2022-08-30T11:10:09.300] [DEBUG] cheese - null
[2022-08-30T11:10:09.300] [DEBUG] cheese - null
[2022-08-30T11:47:28.982] [DEBUG] cheese - login => username:admin,password:123456
[2022-08-30T11:47:28.982] [DEBUG] cheese - admin
[2022-08-30T11:47:28.984] [DEBUG] cheese - null
[2022-08-30T11:47:28.984] [DEBUG] cheese - null
[2022-08-30T15:13:24.078] [DEBUG] cheese - login => username:admin,password:123456
[2022-08-30T15:13:24.079] [DEBUG] cheese - admin
[2022-08-30T15:13:24.082] [DEBUG] cheese - null
[2022-08-30T15:13:24.083] [DEBUG] cheese - null
[2022-08-30T17:29:09.582] [DEBUG] cheese - login => username:admin,password:123456
[2022-08-30T17:29:09.583] [DEBUG] cheese - admin
[2022-08-30T17:29:09.585] [DEBUG] cheese - null
[2022-08-30T17:29:09.585] [DEBUG] cheese - null
[2022-08-30T17:55:44.403] [DEBUG] cheese - login => username:admin,password:123456
[2022-08-30T17:55:44.403] [DEBUG] cheese - admin
[2022-08-30T17:55:44.406] [DEBUG] cheese - null
[2022-08-30T17:55:44.406] [DEBUG] cheese - null
[2022-08-31T15:08:59.478] [DEBUG] cheese - login => username:admin,password:123456
[2022-08-31T15:08:59.479] [DEBUG] cheese - admin
[2022-08-31T15:08:59.483] [DEBUG] cheese - null
[2022-08-31T15:08:59.483] [DEBUG] cheese - null
[2022-09-01T10:20:02.567] [DEBUG] cheese - login => username:admin,password:123456
[2022-09-01T10:20:02.569] [DEBUG] cheese - admin
[2022-09-01T10:20:02.692] [DEBUG] cheese - null
[2022-09-01T10:20:02.692] [DEBUG] cheese - null
[2022-09-02T17:18:42.499] [DEBUG] cheese - login => username:admin,password:123456
[2022-09-02T17:18:42.500] [DEBUG] cheese - admin
[2022-09-02T17:18:42.559] [DEBUG] cheese - null
[2022-09-02T17:18:42.559] [DEBUG] cheese - null
[2022-09-02T21:59:53.706] [DEBUG] cheese - login => username:admin,password:123456
[2022-09-02T21:59:53.706] [DEBUG] cheese - admin
[2022-09-02T21:59:53.709] [DEBUG] cheese - null
[2022-09-02T21:59:53.709] [DEBUG] cheese - null
[2022-09-03T09:34:08.196] [DEBUG] cheese - login => username:admin,password:123456
[2022-09-03T09:34:08.197] [DEBUG] cheese - admin
[2022-09-03T09:34:08.287] [DEBUG] cheese - null
[2022-09-03T09:34:08.288] [DEBUG] cheese - null
[2022-09-03T17:32:34.245] [DEBUG] cheese - null
[2022-09-03T17:32:39.170] [DEBUG] cheese - null
[2022-09-04T10:02:26.533] [DEBUG] cheese - login => username:admin,password:123456
[2022-09-04T10:02:26.534] [DEBUG] cheese - admin
[2022-09-04T10:02:26.548] [DEBUG] cheese - null
[2022-09-04T10:02:26.548] [DEBUG] cheese - null
[2022-09-06T09:58:44.053] [DEBUG] cheese - login => username:admin,password:123456
[2022-09-06T09:58:44.054] [DEBUG] cheese - admin
[2022-09-06T09:58:44.071] [DEBUG] cheese - null
[2022-09-06T09:58:44.071] [DEBUG] cheese - null
[2022-09-07T21:47:20.019] [DEBUG] cheese - login => username:admin,password:123456
[2022-09-07T21:47:20.020] [DEBUG] cheese - admin
[2022-09-07T21:47:20.088] [DEBUG] cheese - null
[2022-09-07T21:47:20.088] [DEBUG] cheese - null
[2022-09-07T22:16:18.316] [DEBUG] cheese - login => username:admin,password:123456
[2022-09-07T22:16:18.316] [DEBUG] cheese - admin
[2022-09-07T22:16:18.318] [DEBUG] cheese - null
[2022-09-07T22:16:18.318] [DEBUG] cheese - null
[2022-09-07T22:25:39.113] [DEBUG] cheese - login => username:admin,password:123456
[2022-09-07T22:25:39.113] [DEBUG] cheese - admin
[2022-09-07T22:25:39.115] [DEBUG] cheese - null
[2022-09-07T22:25:39.115] [DEBUG] cheese - null
[2022-09-08T15:45:09.571] [DEBUG] cheese - null
[2022-09-08T15:54:28.079] [DEBUG] cheese - null
[2022-09-08T15:56:59.510] [DEBUG] cheese - login => username:admin,password:123456
[2022-09-08T15:56:59.511] [DEBUG] cheese - admin
[2022-09-08T15:56:59.525] [DEBUG] cheese - null
[2022-09-08T15:56:59.525] [DEBUG] cheese - null
[2022-09-08T15:57:08.389] [DEBUG] cheese - login => username:admin,password:123456
[2022-09-08T15:57:08.389] [DEBUG] cheese - admin
[2022-09-08T15:57:08.391] [DEBUG] cheese - null
[2022-09-08T15:57:08.391] [DEBUG] cheese - null
[2022-09-08T15:57:16.853] [DEBUG] cheese - null
[2022-09-09T15:16:32.267] [DEBUG] cheese - login => username:admin,password:123456
[2022-09-09T15:16:32.268] [DEBUG] cheese - admin
[2022-09-09T15:16:32.305] [DEBUG] cheese - null
[2022-09-09T15:16:32.305] [DEBUG] cheese - null
[2022-09-16T10:04:08.132] [DEBUG] cheese - login => username:admin,password:123456
[2022-09-16T10:04:08.133] [DEBUG] cheese - admin
[2022-09-16T10:04:08.265] [DEBUG] cheese - null
[2022-09-16T10:04:08.266] [DEBUG] cheese - null
[2022-09-19T09:51:13.780] [DEBUG] cheese - login => username:admin,password:123456
[2022-09-19T09:51:13.781] [DEBUG] cheese - admin
[2022-09-19T09:51:13.906] [DEBUG] cheese - null
[2022-09-19T09:51:13.906] [DEBUG] cheese - null
[2022-09-21T13:34:34.408] [DEBUG] cheese - login => username:admin,password:123456
[2022-09-21T13:34:34.410] [DEBUG] cheese - admin
[2022-09-21T13:34:34.526] [DEBUG] cheese - null
[2022-09-21T13:34:34.526] [DEBUG] cheese - null
[2022-09-21T13:53:49.009] [DEBUG] cheese - login => username:admin,password:123456
[2022-09-21T13:53:49.010] [DEBUG] cheese - admin
[2022-09-21T13:53:49.013] [DEBUG] cheese - null
[2022-09-21T13:53:49.013] [DEBUG] cheese - null
[2022-09-21T14:12:56.144] [DEBUG] cheese - login => username:admin,password:123456
[2022-09-21T14:12:56.145] [DEBUG] cheese - admin
[2022-09-21T14:12:56.148] [DEBUG] cheese - null
[2022-09-21T14:12:56.148] [DEBUG] cheese - null
[2022-09-21T14:34:06.742] [DEBUG] cheese - login => username:admin,password:123456
[2022-09-21T14:34:06.743] [DEBUG] cheese - admin
[2022-09-21T14:34:06.746] [DEBUG] cheese - null
[2022-09-21T14:34:06.746] [DEBUG] cheese - null
[2022-09-21T15:21:45.317] [DEBUG] cheese - login => username:admin,password:123456
[2022-09-21T15:21:45.318] [DEBUG] cheese - admin
[2022-09-21T15:21:45.322] [DEBUG] cheese - null
[2022-09-21T15:21:45.323] [DEBUG] cheese - null
[2022-09-22T13:05:47.178] [DEBUG] cheese - login => username:admin,password:123456
[2022-09-22T13:05:47.200] [DEBUG] cheese - admin
[2022-09-22T13:05:47.394] [DEBUG] cheese - null
[2022-09-22T13:05:47.395] [DEBUG] cheese - null
[2022-09-22T17:09:48.091] [DEBUG] cheese - login => username:admin,password:123456
[2022-09-22T17:09:48.092] [DEBUG] cheese - admin
[2022-09-22T17:09:48.234] [DEBUG] cheese - null
[2022-09-22T17:09:48.234] [DEBUG] cheese - null
[2022-09-23T17:43:20.370] [DEBUG] cheese - login => username:admin,password:123456
[2022-09-23T17:43:20.371] [DEBUG] cheese - admin
[2022-09-23T17:43:20.397] [DEBUG] cheese - null
[2022-09-23T17:43:20.398] [DEBUG] cheese - null
[2022-09-23T18:04:07.176] [DEBUG] cheese - login => username:admin,password:123456
[2022-09-23T18:04:07.177] [DEBUG] cheese - admin
[2022-09-23T18:04:07.180] [DEBUG] cheese - null
[2022-09-23T18:04:07.181] [DEBUG] cheese - null
[2022-09-24T13:40:05.042] [DEBUG] cheese - login => username:admin,password:123456
[2022-09-24T13:40:05.045] [DEBUG] cheese - admin
[2022-09-24T13:40:05.056] [DEBUG] cheese - null
[2022-09-24T13:40:05.057] [DEBUG] cheese - null
[2022-09-24T13:44:40.735] [DEBUG] cheese - login => username:admin,password:123456
[2022-09-24T13:44:40.736] [DEBUG] cheese - admin
[2022-09-24T13:44:40.740] [DEBUG] cheese - null
[2022-09-24T13:44:40.740] [DEBUG] cheese - null
[2022-09-24T13:45:33.870] [DEBUG] cheese - login => username:admin,password:123456
[2022-09-24T13:45:33.870] [DEBUG] cheese - admin
[2022-09-24T13:45:33.872] [DEBUG] cheese - null
[2022-09-24T13:45:33.872] [DEBUG] cheese - null
[2022-09-24T16:44:22.262] [DEBUG] cheese - login => username:admin,password:123456
[2022-09-24T16:44:22.263] [DEBUG] cheese - admin
[2022-09-24T16:44:22.266] [DEBUG] cheese - null
[2022-09-24T16:44:22.266] [DEBUG] cheese - null
[2022-09-25T13:09:47.861] [DEBUG] cheese - login => username:admin,password:123456
[2022-09-25T13:09:47.863] [DEBUG] cheese - admin
[2022-09-25T13:09:47.872] [DEBUG] cheese - null
[2022-09-25T13:09:47.872] [DEBUG] cheese - null
[2022-09-26T10:24:01.518] [DEBUG] cheese - login => username:admin,password:123456
[2022-09-26T10:24:01.520] [DEBUG] cheese - admin
[2022-09-26T10:24:01.523] [DEBUG] cheese - null
[2022-09-26T10:24:01.524] [DEBUG] cheese - null
[2022-09-26T10:40:41.378] [DEBUG] cheese - login => username:admin,password:123456
[2022-09-26T10:40:41.378] [DEBUG] cheese - admin
[2022-09-26T10:40:41.380] [DEBUG] cheese - null
[2022-09-26T10:40:41.380] [DEBUG] cheese - null
[2022-09-26T10:52:52.834] [DEBUG] cheese - login => username:admin,password:123456
[2022-09-26T10:52:52.835] [DEBUG] cheese - admin
[2022-09-26T10:52:52.839] [DEBUG] cheese - null
[2022-09-26T10:52:52.839] [DEBUG] cheese - null
[2022-09-26T14:10:33.075] [DEBUG] cheese - login => username:admin,password:123456
[2022-09-26T14:10:33.077] [DEBUG] cheese - admin
[2022-09-26T14:10:33.084] [DEBUG] cheese - null
[2022-09-26T14:10:33.085] [DEBUG] cheese - null
[2022-09-26T19:23:39.933] [DEBUG] cheese - login => username:admin,password:123456
[2022-09-26T19:23:39.934] [DEBUG] cheese - admin
[2022-09-26T19:23:40.090] [DEBUG] cheese - null
[2022-09-26T19:23:40.090] [DEBUG] cheese - null
[2022-09-29T13:35:54.592] [DEBUG] cheese - login => username:admin,password:123456
[2022-09-29T13:35:54.593] [DEBUG] cheese - admin
[2022-09-29T13:35:54.602] [DEBUG] cheese - null
[2022-09-29T13:35:54.603] [DEBUG] cheese - null
[2022-09-29T19:10:35.694] [DEBUG] cheese - login => username:admin,password:123456
[2022-09-29T19:10:35.696] [DEBUG] cheese - admin
[2022-09-29T19:10:35.700] [DEBUG] cheese - null
[2022-09-29T19:10:35.700] [DEBUG] cheese - null
[2022-09-30T11:23:02.897] [DEBUG] cheese - login => username:admin,password:123456
[2022-09-30T11:23:02.897] [DEBUG] cheese - admin
[2022-09-30T11:23:02.947] [DEBUG] cheese - null
[2022-09-30T11:23:02.948] [DEBUG] cheese - null
[2022-10-01T16:01:46.354] [DEBUG] cheese - login => username:admin,password:123456
[2022-10-01T16:01:46.355] [DEBUG] cheese - admin
[2022-10-01T16:01:46.411] [DEBUG] cheese - null
[2022-10-01T16:01:46.412] [DEBUG] cheese - null
[2022-10-03T11:21:45.171] [DEBUG] cheese - login => username:admin,password:123456
[2022-10-03T11:21:45.172] [DEBUG] cheese - admin
[2022-10-03T11:21:45.343] [DEBUG] cheese - null
[2022-10-03T11:21:45.343] [DEBUG] cheese - null
[2022-10-03T14:48:22.550] [DEBUG] cheese - login => username:admin,password:123456
[2022-10-03T14:48:22.552] [DEBUG] cheese - admin
[2022-10-03T14:48:22.554] [DEBUG] cheese - null
[2022-10-03T14:48:22.555] [DEBUG] cheese - null
[2022-10-03T14:48:49.677] [DEBUG] cheese - null
[2022-10-03T14:53:41.357] [DEBUG] cheese - null
[2022-10-03T15:26:59.190] [DEBUG] cheese - null
[2022-10-03T15:33:25.664] [DEBUG] cheese - null
[2022-10-08T10:58:00.951] [DEBUG] cheese - login => username:admin,password:123456
[2022-10-08T10:58:00.952] [DEBUG] cheese - admin
[2022-10-08T10:58:01.087] [DEBUG] cheese - null
[2022-10-08T10:58:01.088] [DEBUG] cheese - null
[2022-10-08T10:58:46.885] [DEBUG] cheese - null
[2022-10-08T11:04:32.965] [DEBUG] cheese - null
[2022-10-09T11:29:54.277] [DEBUG] cheese - login => username:admin,password:123456
[2022-10-09T11:29:54.279] [DEBUG] cheese - admin
[2022-10-09T11:29:54.288] [DEBUG] cheese - null
[2022-10-09T11:29:54.288] [DEBUG] cheese - null
[2022-10-10T14:42:42.291] [DEBUG] cheese - login => username:admin,password:123456
[2022-10-10T14:42:42.292] [DEBUG] cheese - admin
[2022-10-10T14:42:42.450] [DEBUG] cheese - null
[2022-10-10T14:42:42.450] [DEBUG] cheese - null
[2022-10-10T16:38:26.392] [DEBUG] cheese - login => username:admin,password:123456
[2022-10-10T16:38:26.393] [DEBUG] cheese - admin
[2022-10-10T16:38:26.401] [DEBUG] cheese - null
[2022-10-10T16:38:26.402] [DEBUG] cheese - null
[2022-10-10T16:38:46.907] [DEBUG] cheese - login => username:admin,password:123456
[2022-10-10T16:38:46.907] [DEBUG] cheese - admin
[2022-10-10T16:38:46.909] [DEBUG] cheese - null
[2022-10-10T16:38:46.909] [DEBUG] cheese - null
[2022-10-10T16:47:57.001] [DEBUG] cheese - login => username:admin,password:123456
[2022-10-10T16:47:57.001] [DEBUG] cheese - admin
[2022-10-10T16:47:57.003] [DEBUG] cheese - null
[2022-10-10T16:47:57.003] [DEBUG] cheese - null
[2022-10-10T16:48:14.782] [DEBUG] cheese - login => username:admin,password:123456
[2022-10-10T16:48:14.782] [DEBUG] cheese - admin
[2022-10-10T16:48:14.784] [DEBUG] cheese - null
[2022-10-10T16:48:14.784] [DEBUG] cheese - null
[2022-10-10T17:03:15.415] [DEBUG] cheese - login => username:admin,password:123456
[2022-10-10T17:03:15.415] [DEBUG] cheese - admin
[2022-10-10T17:03:15.416] [DEBUG] cheese - null
[2022-10-10T17:03:15.416] [DEBUG] cheese - null
[2022-10-10T18:03:22.224] [DEBUG] cheese - login => username:admin,password:123456
[2022-10-10T18:03:22.224] [DEBUG] cheese - admin
[2022-10-10T18:03:22.226] [DEBUG] cheese - null
[2022-10-10T18:03:22.226] [DEBUG] cheese - null
[2022-10-11T10:44:38.151] [DEBUG] cheese - login => username:admin,password:123456
[2022-10-11T10:44:38.152] [DEBUG] cheese - admin
[2022-10-11T10:44:38.175] [DEBUG] cheese - null
[2022-10-11T10:44:38.176] [DEBUG] cheese - null
[2022-10-20T16:47:35.597] [DEBUG] cheese - login => username:admin,password:123456
[2022-10-20T16:47:35.616] [DEBUG] cheese - admin
[2022-10-20T16:47:35.804] [DEBUG] cheese - null
[2022-10-20T16:47:35.805] [DEBUG] cheese - null
[2022-10-24T17:23:24.588] [DEBUG] cheese - login => username:admin,password:123456
[2022-10-24T17:23:24.606] [DEBUG] cheese - admin
[2022-10-24T17:23:24.678] [DEBUG] cheese - null
[2022-10-24T17:23:24.678] [DEBUG] cheese - null
[2022-10-25T14:15:50.148] [DEBUG] cheese - login => username:admin,password:123456
[2022-10-25T14:15:50.165] [DEBUG] cheese - admin
[2022-10-25T14:15:50.216] [DEBUG] cheese - null
[2022-10-25T14:15:50.216] [DEBUG] cheese - null
[2022-10-25T16:10:40.974] [DEBUG] cheese - login => username:admin,password:123456
[2022-10-25T16:10:40.975] [DEBUG] cheese - admin
[2022-10-25T16:10:41.114] [DEBUG] cheese - null
[2022-10-25T16:10:41.115] [DEBUG] cheese - null
